<?xml version="1.0" encoding="UTF-8"?>
<testng-results skipped="0" failed="0" ignored="0" total="1" passed="1">
  <reporter-output>
  </reporter-output>
  <suite name="Default suite" duration-ms="29118" started-at="2020-08-31T13:55:00 IST" finished-at="2020-08-31T13:55:29 IST">
    <groups>
    </groups>
    <test name="Default test" duration-ms="29118" started-at="2020-08-31T13:55:00 IST" finished-at="2020-08-31T13:55:29 IST">
      <class name="TestAssignment.M_QA.m_executableTestClass">
        <test-method status="PASS" signature="SetUp_Browser()[pri:0, instance:TestAssignment.M_QA.m_executableTestClass@711f39f9]" name="SetUp_Browser" is-config="true" duration-ms="16625" started-at="2020-08-31T13:55:00 IST" finished-at="2020-08-31T13:55:16 IST">
          <reporter-output>
          </reporter-output>
        </test-method> <!-- SetUp_Browser -->
        <test-method status="PASS" signature="blazedemo_FlightBookings()[pri:0, instance:TestAssignment.M_QA.m_executableTestClass@711f39f9]" name="blazedemo_FlightBookings" duration-ms="9637" started-at="2020-08-31T13:55:16 IST" finished-at="2020-08-31T13:55:26 IST">
          <reporter-output>
          </reporter-output>
        </test-method> <!-- blazedemo_FlightBookings -->
        <test-method status="PASS" signature="Close_Browser()[pri:0, instance:TestAssignment.M_QA.m_executableTestClass@711f39f9]" name="Close_Browser" is-config="true" duration-ms="2801" started-at="2020-08-31T13:55:26 IST" finished-at="2020-08-31T13:55:29 IST">
          <reporter-output>
          </reporter-output>
        </test-method> <!-- Close_Browser -->
      </class> <!-- TestAssignment.M_QA.m_executableTestClass -->
    </test> <!-- Default test -->
  </suite> <!-- Default suite -->
</testng-results>
